<?xml version="1.0" encoding="UTF-8"?>
<testsuite xmlns:xsi="http://www.w3.org/2001/XMLSchema-instance" xsi:schemaLocation="https://maven.apache.org/surefire/maven-surefire-plugin/xsd/surefire-test-report.xsd" name="uk.gov.justice.raml.jaxrs.core.DefaultGenerator_ResourceMethodBodyTest" time="1.493" tests="9" errors="0" skipped="0" failures="0">
  <properties>
    <property name="java.runtime.name" value="Java(TM) SE Runtime Environment"/>
    <property name="sun.boot.library.path" value="c:\Program Files (x86)\Java\jdk1.8.0_65\jre\bin"/>
    <property name="java.vm.version" value="25.65-b01"/>
    <property name="java.vm.vendor" value="Oracle Corporation"/>
    <property name="maven.multiModuleProjectDirectory" value="c:\Users\Jacek\git\raml-jaxrs"/>
    <property name="java.vendor.url" value="http://java.oracle.com/"/>
    <property name="path.separator" value=";"/>
    <property name="guice.disable.misplaced.annotation.check" value="true"/>
    <property name="java.vm.name" value="Java HotSpot(TM) Client VM"/>
    <property name="file.encoding.pkg" value="sun.io"/>
    <property name="user.script" value=""/>
    <property name="user.country" value="PL"/>
    <property name="sun.java.launcher" value="SUN_STANDARD"/>
    <property name="sun.os.patch.level" value="Service Pack 1"/>
    <property name="java.vm.specification.name" value="Java Virtual Machine Specification"/>
    <property name="user.dir" value="c:\Users\Jacek\git\raml-jaxrs"/>
    <property name="java.runtime.version" value="1.8.0_65-b17"/>
    <property name="java.awt.graphicsenv" value="sun.awt.Win32GraphicsEnvironment"/>
    <property name="java.endorsed.dirs" value="c:\Program Files (x86)\Java\jdk1.8.0_65\jre\lib\endorsed"/>
    <property name="os.arch" value="x86"/>
    <property name="java.io.tmpdir" value="C:\Users\Jacek\AppData\Local\Temp\"/>
    <property name="line.separator" value="&#10;"/>
    <property name="java.vm.specification.vendor" value="Oracle Corporation"/>
    <property name="user.variant" value=""/>
    <property name="os.name" value="Windows 7"/>
    <property name="classworlds.conf" value="c:\Apps\maven\bin\m2.conf"/>
    <property name="sun.jnu.encoding" value="Cp1250"/>
    <property name="java.library.path" value="c:\Program Files (x86)\Java\jdk1.8.0_65\bin;C:\windows\Sun\Java\bin;C:\windows\system32;C:\windows;C:\Program Files\Common Files\Microsoft Shared\Windows Live;C:\Program Files (x86)\Common Files\Microsoft Shared\Windows Live;C:\Program Files (x86)\Intel\iCLS Client\;C:\Program Files\Intel\iCLS Client\;C:\windows\system32;C:\windows;C:\windows\System32\Wbem;C:\windows\System32\WindowsPowerShell\v1.0\;C:\Program Files\Intel\Intel(R) Management Engine Components\DAL;C:\Program Files\Intel\Intel(R) Management Engine Components\IPT;C:\Program Files (x86)\Intel\Intel(R) Management Engine Components\DAL;C:\Program Files (x86)\Intel\Intel(R) Management Engine Components\IPT;C:\Program Files (x86)\Intel\OpenCL SDK\2.0\bin\x86;C:\Program Files (x86)\Intel\OpenCL SDK\2.0\bin\x64;C:\Program Files (x86)\Windows Live\Shared;c:\Program Files\Java\jdk1.7.0_07\bin;c:\Apps\maven\bin;C:\Program Files (x86)\GNU\GnuPG\pub;C:\Program Files (x86)\Calibre2\;c:\Program Files (x86)\Microsoft SQL Server\100\Tools\Binn\;c:\Program Files (x86)\Microsoft SQL Server\100\DTS\Binn\;C:\Program Files\Intel\WiFi\bin\;C:\Program Files\Common Files\Intel\WirelessCommon\;C:\Program Files (x86)\sbt;C:\Program Files (x86)\scala\bin;c:\Program Files (x86)\Java\jdk1.8.0_65\bin;C:\Program Files\OpenVPN\bin;C:\Program Files\TortoiseGit\bin;C:\Program Files (x86)\Skype\Phone\;c:\Program Files\Git\bin;C:\Program Files\Intel\WiFi\bin\;C:\Program Files\Common Files\Intel\WirelessCommon\;."/>
    <property name="java.specification.name" value="Java Platform API Specification"/>
    <property name="java.class.version" value="52.0"/>
    <property name="sun.management.compiler" value="HotSpot Client Compiler"/>
    <property name="os.version" value="6.1"/>
    <property name="user.home" value="C:\Users\Jacek"/>
    <property name="user.timezone" value="Europe/London"/>
    <property name="java.awt.printerjob" value="sun.awt.windows.WPrinterJob"/>
    <property name="java.specification.version" value="1.8"/>
    <property name="file.encoding" value="Cp1250"/>
    <property name="user.name" value="Jacek"/>
    <property name="java.class.path" value="c:\Apps\maven\boot\plexus-classworlds-2.5.2.jar"/>
    <property name="java.vm.specification.version" value="1.8"/>
    <property name="sun.arch.data.model" value="32"/>
    <property name="java.home" value="c:\Program Files (x86)\Java\jdk1.8.0_65\jre"/>
    <property name="sun.java.command" value="org.codehaus.plexus.classworlds.launcher.Launcher clean install"/>
    <property name="java.specification.vendor" value="Oracle Corporation"/>
    <property name="user.language" value="pl"/>
    <property name="awt.toolkit" value="sun.awt.windows.WToolkit"/>
    <property name="java.vm.info" value="mixed mode"/>
    <property name="java.version" value="1.8.0_65"/>
    <property name="java.ext.dirs" value="c:\Program Files (x86)\Java\jdk1.8.0_65\jre\lib\ext;C:\windows\Sun\Java\lib\ext"/>
    <property name="sun.boot.class.path" value="c:\Program Files (x86)\Java\jdk1.8.0_65\jre\lib\resources.jar;c:\Program Files (x86)\Java\jdk1.8.0_65\jre\lib\rt.jar;c:\Program Files (x86)\Java\jdk1.8.0_65\jre\lib\sunrsasign.jar;c:\Program Files (x86)\Java\jdk1.8.0_65\jre\lib\jsse.jar;c:\Program Files (x86)\Java\jdk1.8.0_65\jre\lib\jce.jar;c:\Program Files (x86)\Java\jdk1.8.0_65\jre\lib\charsets.jar;c:\Program Files (x86)\Java\jdk1.8.0_65\jre\lib\jfr.jar;c:\Program Files (x86)\Java\jdk1.8.0_65\jre\classes"/>
    <property name="sun.stderr.encoding" value="cp852"/>
    <property name="java.vendor" value="Oracle Corporation"/>
    <property name="maven.home" value="c:\Apps\maven"/>
    <property name="file.separator" value="\"/>
    <property name="java.vendor.url.bug" value="http://bugreport.sun.com/bugreport/"/>
    <property name="sun.cpu.endian" value="little"/>
    <property name="sun.io.unicode.encoding" value="UnicodeLittle"/>
    <property name="sun.stdout.encoding" value="cp852"/>
    <property name="sun.desktop" value="windows"/>
    <property name="sun.cpu.isalist" value="pentium_pro+mmx pentium_pro pentium+mmx pentium i486 i386 i86"/>
  </properties>
  <testcase name="shouldPassMapWithOnePathParamToRestProcessorWhenInvocing2ndMethod" classname="uk.gov.justice.raml.jaxrs.core.DefaultGenerator_ResourceMethodBodyTest" time="0.367"/>
  <testcase name="shouldFailIfInvalidMediaType" classname="uk.gov.justice.raml.jaxrs.core.DefaultGenerator_ResourceMethodBodyTest" time="0.014"/>
  <testcase name="shouldFailIfRamlInvalid" classname="uk.gov.justice.raml.jaxrs.core.DefaultGenerator_ResourceMethodBodyTest" time="0.004"/>
  <testcase name="shouldCallDispatcher" classname="uk.gov.justice.raml.jaxrs.core.DefaultGenerator_ResourceMethodBodyTest" time="0.167"/>
  <testcase name="shouldReturnResponseGeneratedByRestProcessor" classname="uk.gov.justice.raml.jaxrs.core.DefaultGenerator_ResourceMethodBodyTest" time="0.199"/>
  <testcase name="shouldPassHttpHeadersToRestProcessor" classname="uk.gov.justice.raml.jaxrs.core.DefaultGenerator_ResourceMethodBodyTest" time="0.209"/>
  <testcase name="shouldPassMapWithOnePathParamToRestProcessor" classname="uk.gov.justice.raml.jaxrs.core.DefaultGenerator_ResourceMethodBodyTest" time="0.167"/>
  <testcase name="shouldPassMapWithTwoPathParamsToRestProcessor" classname="uk.gov.justice.raml.jaxrs.core.DefaultGenerator_ResourceMethodBodyTest" time="0.169"/>
  <testcase name="shouldPassJsonObjectToRestProcessor" classname="uk.gov.justice.raml.jaxrs.core.DefaultGenerator_ResourceMethodBodyTest" time="0.157"/>
</testsuite>